src/features/auth/pages/LoginPage.tsx(60,14): error TS2307: Cannot find module '@/lib/monitoring' or its corresponding type declarations.
src/features/auth/pages/LoginPage.tsx(118,17): error TS2307: Cannot find module '@/lib/monitoring' or its corresponding type declarations.
src/features/curriculum/components/domain-list.tsx(653,25): error TS2322: Type '{ app_id: string; created_at: string; deleted_at: string | null; description: string | null; domain_id: string; title: string; slug: string; sort_order: number | null; status: "draft" | "published" | "live" | null; subject_id: string | null; updated_at: string; }' is not assignable to type 'Domain'.
  Types of property 'status' are incompatible.
    Type '"draft" | "published" | "live" | null' is not assignable to type 'string | undefined'.
      Type 'null' is not assignable to type 'string | undefined'.
src/features/curriculum/components/domain-list.tsx(703,23): error TS2322: Type '{ app_id: string; created_at: string; deleted_at: string | null; description: string | null; domain_id: string; title: string; slug: string; sort_order: number | null; status: "draft" | "published" | "live" | null; subject_id: string | null; updated_at: string; }' is not assignable to type 'Domain'.
  Types of property 'status' are incompatible.
    Type '"draft" | "published" | "live" | null' is not assignable to type 'string | undefined'.
      Type 'null' is not assignable to type 'string | undefined'.
src/features/curriculum/components/skill-form.tsx(70,7): error TS2322: Type '"draft" | "published" | "live"' is not assignable to type '"draft" | "live" | undefined'.
  Type '"published"' is not assignable to type '"draft" | "live" | undefined'.
src/features/curriculum/components/skill-form.tsx(97,41): error TS2345: Argument of type '(data: SkillFormData) => Promise<void>' is not assignable to parameter of type 'SubmitHandler<TFieldValues>'.
  Types of parameters 'data' and 'data' are incompatible.
    Type 'TFieldValues' is not assignable to type '{ title: string; status: "draft" | "live"; domain_id: string; slug: string; sort_order: number; difficulty_level: number; description?: string | undefined; }'.
      Type 'FieldValues' is missing the following properties from type '{ title: string; status: "draft" | "live"; domain_id: string; slug: string; sort_order: number; difficulty_level: number; description?: string | undefined; }': title, status, domain_id, slug, and 2 more.
src/features/curriculum/components/skill-form.tsx(100,11): error TS2322: Type 'Control<{ title: string; status: "draft" | "live"; domain_id: string; slug: string; sort_order: number; difficulty_level: number; description?: string | undefined; }, any, TFieldValues>' is not assignable to type 'Control<{ title: string; status: "draft" | "live"; domain_id: string; slug: string; sort_order: number; difficulty_level: number; description?: string | undefined; }, any, { title: string; status: "draft" | "live"; ... 4 more ...; description?: string | undefined; }>'.
  The types of '_options.resolver' are incompatible between these types.
    Type 'Resolver<{ title: string; status: "draft" | "live"; domain_id: string; slug: string; sort_order: number; difficulty_level: number; description?: string | undefined; }, any, TFieldValues> | undefined' is not assignable to type 'Resolver<{ title: string; status: "draft" | "live"; domain_id: string; slug: string; sort_order: number; difficulty_level: number; description?: string | undefined; }, any, { title: string; status: "draft" | "live"; ... 4 more ...; description?: string | undefined; }> | undefined'.
      Type 'Resolver<{ title: string; status: "draft" | "live"; domain_id: string; slug: string; sort_order: number; difficulty_level: number; description?: string | undefined; }, any, TFieldValues>' is not assignable to type 'Resolver<{ title: string; status: "draft" | "live"; domain_id: string; slug: string; sort_order: number; difficulty_level: number; description?: string | undefined; }, any, { title: string; status: "draft" | "live"; ... 4 more ...; description?: string | undefined; }>'.
        Type 'ResolverResult<{ title: string; status: "draft" | "live"; domain_id: string; slug: string; sort_order: number; difficulty_level: number; description?: string | undefined; }, TFieldValues> | Promise<...>' is not assignable to type 'ResolverResult<{ title: string; status: "draft" | "live"; domain_id: string; slug: string; sort_order: number; difficulty_level: number; description?: string | undefined; }, { title: string; status: "draft" | "live"; ... 4 more ...; description?: string | undefined; }> | Promise<...>'.
          Type 'ResolverSuccess<TFieldValues>' is not assignable to type 'ResolverResult<{ title: string; status: "draft" | "live"; domain_id: string; slug: string; sort_order: number; difficulty_level: number; description?: string | undefined; }, { title: string; status: "draft" | "live"; ... 4 more ...; description?: string | undefined; }> | Promise<...>'.
            Type 'ResolverSuccess<TFieldValues>' is not assignable to type 'ResolverSuccess<{ title: string; status: "draft" | "live"; domain_id: string; slug: string; sort_order: number; difficulty_level: number; description?: string | undefined; }>'.
              Type 'TFieldValues' is not assignable to type '{ title: string; status: "draft" | "live"; domain_id: string; slug: string; sort_order: number; difficulty_level: number; description?: string | undefined; }'.
                Type 'FieldValues' is missing the following properties from type '{ title: string; status: "draft" | "live"; domain_id: string; slug: string; sort_order: number; difficulty_level: number; description?: string | undefined; }': title, status, domain_id, slug, and 2 more.
src/features/curriculum/components/skill-form.tsx(129,13): error TS2322: Type 'Control<{ title: string; status: "draft" | "live"; domain_id: string; slug: string; sort_order: number; difficulty_level: number; description?: string | undefined; }, any, TFieldValues>' is not assignable to type 'Control<{ title: string; status: "draft" | "live"; domain_id: string; slug: string; sort_order: number; difficulty_level: number; description?: string | undefined; }, any, { title: string; status: "draft" | "live"; ... 4 more ...; description?: string | undefined; }>'.
  The types of '_options.resolver' are incompatible between these types.
    Type 'Resolver<{ title: string; status: "draft" | "live"; domain_id: string; slug: string; sort_order: number; difficulty_level: number; description?: string | undefined; }, any, TFieldValues> | undefined' is not assignable to type 'Resolver<{ title: string; status: "draft" | "live"; domain_id: string; slug: string; sort_order: number; difficulty_level: number; description?: string | undefined; }, any, { title: string; status: "draft" | "live"; ... 4 more ...; description?: string | undefined; }> | undefined'.
      Type 'Resolver<{ title: string; status: "draft" | "live"; domain_id: string; slug: string; sort_order: number; difficulty_level: number; description?: string | undefined; }, any, TFieldValues>' is not assignable to type 'Resolver<{ title: string; status: "draft" | "live"; domain_id: string; slug: string; sort_order: number; difficulty_level: number; description?: string | undefined; }, any, { title: string; status: "draft" | "live"; ... 4 more ...; description?: string | undefined; }>'.
        Type 'ResolverResult<{ title: string; status: "draft" | "live"; domain_id: string; slug: string; sort_order: number; difficulty_level: number; description?: string | undefined; }, TFieldValues> | Promise<...>' is not assignable to type 'ResolverResult<{ title: string; status: "draft" | "live"; domain_id: string; slug: string; sort_order: number; difficulty_level: number; description?: string | undefined; }, { title: string; status: "draft" | "live"; ... 4 more ...; description?: string | undefined; }> | Promise<...>'.
          Type 'ResolverSuccess<TFieldValues>' is not assignable to type 'ResolverResult<{ title: string; status: "draft" | "live"; domain_id: string; slug: string; sort_order: number; difficulty_level: number; description?: string | undefined; }, { title: string; status: "draft" | "live"; ... 4 more ...; description?: string | undefined; }> | Promise<...>'.
            Type 'ResolverSuccess<TFieldValues>' is not assignable to type 'ResolverSuccess<{ title: string; status: "draft" | "live"; domain_id: string; slug: string; sort_order: number; difficulty_level: number; description?: string | undefined; }>'.
              Type 'TFieldValues' is not assignable to type '{ title: string; status: "draft" | "live"; domain_id: string; slug: string; sort_order: number; difficulty_level: number; description?: string | undefined; }'.
                Type 'FieldValues' is missing the following properties from type '{ title: string; status: "draft" | "live"; domain_id: string; slug: string; sort_order: number; difficulty_level: number; description?: string | undefined; }': title, status, domain_id, slug, and 2 more.
src/features/curriculum/components/skill-form.tsx(143,13): error TS2322: Type 'Control<{ title: string; status: "draft" | "live"; domain_id: string; slug: string; sort_order: number; difficulty_level: number; description?: string | undefined; }, any, TFieldValues>' is not assignable to type 'Control<{ title: string; status: "draft" | "live"; domain_id: string; slug: string; sort_order: number; difficulty_level: number; description?: string | undefined; }, any, { title: string; status: "draft" | "live"; ... 4 more ...; description?: string | undefined; }>'.
  The types of '_options.resolver' are incompatible between these types.
    Type 'Resolver<{ title: string; status: "draft" | "live"; domain_id: string; slug: string; sort_order: number; difficulty_level: number; description?: string | undefined; }, any, TFieldValues> | undefined' is not assignable to type 'Resolver<{ title: string; status: "draft" | "live"; domain_id: string; slug: string; sort_order: number; difficulty_level: number; description?: string | undefined; }, any, { title: string; status: "draft" | "live"; ... 4 more ...; description?: string | undefined; }> | undefined'.
      Type 'Resolver<{ title: string; status: "draft" | "live"; domain_id: string; slug: string; sort_order: number; difficulty_level: number; description?: string | undefined; }, any, TFieldValues>' is not assignable to type 'Resolver<{ title: string; status: "draft" | "live"; domain_id: string; slug: string; sort_order: number; difficulty_level: number; description?: string | undefined; }, any, { title: string; status: "draft" | "live"; ... 4 more ...; description?: string | undefined; }>'.
        Type 'ResolverResult<{ title: string; status: "draft" | "live"; domain_id: string; slug: string; sort_order: number; difficulty_level: number; description?: string | undefined; }, TFieldValues> | Promise<...>' is not assignable to type 'ResolverResult<{ title: string; status: "draft" | "live"; domain_id: string; slug: string; sort_order: number; difficulty_level: number; description?: string | undefined; }, { title: string; status: "draft" | "live"; ... 4 more ...; description?: string | undefined; }> | Promise<...>'.
          Type 'ResolverSuccess<TFieldValues>' is not assignable to type 'ResolverResult<{ title: string; status: "draft" | "live"; domain_id: string; slug: string; sort_order: number; difficulty_level: number; description?: string | undefined; }, { title: string; status: "draft" | "live"; ... 4 more ...; description?: string | undefined; }> | Promise<...>'.
            Type 'ResolverSuccess<TFieldValues>' is not assignable to type 'ResolverSuccess<{ title: string; status: "draft" | "live"; domain_id: string; slug: string; sort_order: number; difficulty_level: number; description?: string | undefined; }>'.
              Type 'TFieldValues' is not assignable to type '{ title: string; status: "draft" | "live"; domain_id: string; slug: string; sort_order: number; difficulty_level: number; description?: string | undefined; }'.
                Type 'FieldValues' is missing the following properties from type '{ title: string; status: "draft" | "live"; domain_id: string; slug: string; sort_order: number; difficulty_level: number; description?: string | undefined; }': title, status, domain_id, slug, and 2 more.
src/features/curriculum/components/skill-form.tsx(161,11): error TS2322: Type 'Control<{ title: string; status: "draft" | "live"; domain_id: string; slug: string; sort_order: number; difficulty_level: number; description?: string | undefined; }, any, TFieldValues>' is not assignable to type 'Control<{ title: string; status: "draft" | "live"; domain_id: string; slug: string; sort_order: number; difficulty_level: number; description?: string | undefined; }, any, { title: string; status: "draft" | "live"; ... 4 more ...; description?: string | undefined; }>'.
  The types of '_options.resolver' are incompatible between these types.
    Type 'Resolver<{ title: string; status: "draft" | "live"; domain_id: string; slug: string; sort_order: number; difficulty_level: number; description?: string | undefined; }, any, TFieldValues> | undefined' is not assignable to type 'Resolver<{ title: string; status: "draft" | "live"; domain_id: string; slug: string; sort_order: number; difficulty_level: number; description?: string | undefined; }, any, { title: string; status: "draft" | "live"; ... 4 more ...; description?: string | undefined; }> | undefined'.
      Type 'Resolver<{ title: string; status: "draft" | "live"; domain_id: string; slug: string; sort_order: number; difficulty_level: number; description?: string | undefined; }, any, TFieldValues>' is not assignable to type 'Resolver<{ title: string; status: "draft" | "live"; domain_id: string; slug: string; sort_order: number; difficulty_level: number; description?: string | undefined; }, any, { title: string; status: "draft" | "live"; ... 4 more ...; description?: string | undefined; }>'.
        Type 'ResolverResult<{ title: string; status: "draft" | "live"; domain_id: string; slug: string; sort_order: number; difficulty_level: number; description?: string | undefined; }, TFieldValues> | Promise<...>' is not assignable to type 'ResolverResult<{ title: string; status: "draft" | "live"; domain_id: string; slug: string; sort_order: number; difficulty_level: number; description?: string | undefined; }, { title: string; status: "draft" | "live"; ... 4 more ...; description?: string | undefined; }> | Promise<...>'.
          Type 'ResolverSuccess<TFieldValues>' is not assignable to type 'ResolverResult<{ title: string; status: "draft" | "live"; domain_id: string; slug: string; sort_order: number; difficulty_level: number; description?: string | undefined; }, { title: string; status: "draft" | "live"; ... 4 more ...; description?: string | undefined; }> | Promise<...>'.
            Type 'ResolverSuccess<TFieldValues>' is not assignable to type 'ResolverSuccess<{ title: string; status: "draft" | "live"; domain_id: string; slug: string; sort_order: number; difficulty_level: number; description?: string | undefined; }>'.
              Type 'TFieldValues' is not assignable to type '{ title: string; status: "draft" | "live"; domain_id: string; slug: string; sort_order: number; difficulty_level: number; description?: string | undefined; }'.
                Type 'FieldValues' is missing the following properties from type '{ title: string; status: "draft" | "live"; domain_id: string; slug: string; sort_order: number; difficulty_level: number; description?: string | undefined; }': title, status, domain_id, slug, and 2 more.
src/features/curriculum/components/skill-form.tsx(180,17): error TS2322: Type 'Control<{ title: string; status: "draft" | "live"; domain_id: string; slug: string; sort_order: number; difficulty_level: number; description?: string | undefined; }, any, TFieldValues>' is not assignable to type 'Control<{ title: string; status: "draft" | "live"; domain_id: string; slug: string; sort_order: number; difficulty_level: number; description?: string | undefined; }, any, { title: string; status: "draft" | "live"; ... 4 more ...; description?: string | undefined; }>'.
  The types of '_options.resolver' are incompatible between these types.
    Type 'Resolver<{ title: string; status: "draft" | "live"; domain_id: string; slug: string; sort_order: number; difficulty_level: number; description?: string | undefined; }, any, TFieldValues> | undefined' is not assignable to type 'Resolver<{ title: string; status: "draft" | "live"; domain_id: string; slug: string; sort_order: number; difficulty_level: number; description?: string | undefined; }, any, { title: string; status: "draft" | "live"; ... 4 more ...; description?: string | undefined; }> | undefined'.
      Type 'Resolver<{ title: string; status: "draft" | "live"; domain_id: string; slug: string; sort_order: number; difficulty_level: number; description?: string | undefined; }, any, TFieldValues>' is not assignable to type 'Resolver<{ title: string; status: "draft" | "live"; domain_id: string; slug: string; sort_order: number; difficulty_level: number; description?: string | undefined; }, any, { title: string; status: "draft" | "live"; ... 4 more ...; description?: string | undefined; }>'.
        Type 'ResolverResult<{ title: string; status: "draft" | "live"; domain_id: string; slug: string; sort_order: number; difficulty_level: number; description?: string | undefined; }, TFieldValues> | Promise<...>' is not assignable to type 'ResolverResult<{ title: string; status: "draft" | "live"; domain_id: string; slug: string; sort_order: number; difficulty_level: number; description?: string | undefined; }, { title: string; status: "draft" | "live"; ... 4 more ...; description?: string | undefined; }> | Promise<...>'.
          Type 'ResolverSuccess<TFieldValues>' is not assignable to type 'ResolverResult<{ title: string; status: "draft" | "live"; domain_id: string; slug: string; sort_order: number; difficulty_level: number; description?: string | undefined; }, { title: string; status: "draft" | "live"; ... 4 more ...; description?: string | undefined; }> | Promise<...>'.
            Type 'ResolverSuccess<TFieldValues>' is not assignable to type 'ResolverSuccess<{ title: string; status: "draft" | "live"; domain_id: string; slug: string; sort_order: number; difficulty_level: number; description?: string | undefined; }>'.
              Type 'TFieldValues' is not assignable to type '{ title: string; status: "draft" | "live"; domain_id: string; slug: string; sort_order: number; difficulty_level: number; description?: string | undefined; }'.
                Type 'FieldValues' is missing the following properties from type '{ title: string; status: "draft" | "live"; domain_id: string; slug: string; sort_order: number; difficulty_level: number; description?: string | undefined; }': title, status, domain_id, slug, and 2 more.
src/features/curriculum/components/skill-form.tsx(194,13): error TS2322: Type 'Control<{ title: string; status: "draft" | "live"; domain_id: string; slug: string; sort_order: number; difficulty_level: number; description?: string | undefined; }, any, TFieldValues>' is not assignable to type 'Control<{ title: string; status: "draft" | "live"; domain_id: string; slug: string; sort_order: number; difficulty_level: number; description?: string | undefined; }, any, { title: string; status: "draft" | "live"; ... 4 more ...; description?: string | undefined; }>'.
  The types of '_options.resolver' are incompatible between these types.
    Type 'Resolver<{ title: string; status: "draft" | "live"; domain_id: string; slug: string; sort_order: number; difficulty_level: number; description?: string | undefined; }, any, TFieldValues> | undefined' is not assignable to type 'Resolver<{ title: string; status: "draft" | "live"; domain_id: string; slug: string; sort_order: number; difficulty_level: number; description?: string | undefined; }, any, { title: string; status: "draft" | "live"; ... 4 more ...; description?: string | undefined; }> | undefined'.
      Type 'Resolver<{ title: string; status: "draft" | "live"; domain_id: string; slug: string; sort_order: number; difficulty_level: number; description?: string | undefined; }, any, TFieldValues>' is not assignable to type 'Resolver<{ title: string; status: "draft" | "live"; domain_id: string; slug: string; sort_order: number; difficulty_level: number; description?: string | undefined; }, any, { title: string; status: "draft" | "live"; ... 4 more ...; description?: string | undefined; }>'.
        Type 'ResolverResult<{ title: string; status: "draft" | "live"; domain_id: string; slug: string; sort_order: number; difficulty_level: number; description?: string | undefined; }, TFieldValues> | Promise<...>' is not assignable to type 'ResolverResult<{ title: string; status: "draft" | "live"; domain_id: string; slug: string; sort_order: number; difficulty_level: number; description?: string | undefined; }, { title: string; status: "draft" | "live"; ... 4 more ...; description?: string | undefined; }> | Promise<...>'.
          Type 'ResolverSuccess<TFieldValues>' is not assignable to type 'ResolverResult<{ title: string; status: "draft" | "live"; domain_id: string; slug: string; sort_order: number; difficulty_level: number; description?: string | undefined; }, { title: string; status: "draft" | "live"; ... 4 more ...; description?: string | undefined; }> | Promise<...>'.
            Type 'ResolverSuccess<TFieldValues>' is not assignable to type 'ResolverSuccess<{ title: string; status: "draft" | "live"; domain_id: string; slug: string; sort_order: number; difficulty_level: number; description?: string | undefined; }>'.
              Type 'TFieldValues' is not assignable to type '{ title: string; status: "draft" | "live"; domain_id: string; slug: string; sort_order: number; difficulty_level: number; description?: string | undefined; }'.
                Type 'FieldValues' is missing the following properties from type '{ title: string; status: "draft" | "live"; domain_id: string; slug: string; sort_order: number; difficulty_level: number; description?: string | undefined; }': title, status, domain_id, slug, and 2 more.
src/features/curriculum/components/skill-form.tsx(212,11): error TS2322: Type 'Control<{ title: string; status: "draft" | "live"; domain_id: string; slug: string; sort_order: number; difficulty_level: number; description?: string | undefined; }, any, TFieldValues>' is not assignable to type 'Control<{ title: string; status: "draft" | "live"; domain_id: string; slug: string; sort_order: number; difficulty_level: number; description?: string | undefined; }, any, { title: string; status: "draft" | "live"; ... 4 more ...; description?: string | undefined; }>'.
  The types of '_options.resolver' are incompatible between these types.
    Type 'Resolver<{ title: string; status: "draft" | "live"; domain_id: string; slug: string; sort_order: number; difficulty_level: number; description?: string | undefined; }, any, TFieldValues> | undefined' is not assignable to type 'Resolver<{ title: string; status: "draft" | "live"; domain_id: string; slug: string; sort_order: number; difficulty_level: number; description?: string | undefined; }, any, { title: string; status: "draft" | "live"; ... 4 more ...; description?: string | undefined; }> | undefined'.
      Type 'Resolver<{ title: string; status: "draft" | "live"; domain_id: string; slug: string; sort_order: number; difficulty_level: number; description?: string | undefined; }, any, TFieldValues>' is not assignable to type 'Resolver<{ title: string; status: "draft" | "live"; domain_id: string; slug: string; sort_order: number; difficulty_level: number; description?: string | undefined; }, any, { title: string; status: "draft" | "live"; ... 4 more ...; description?: string | undefined; }>'.
        Type 'ResolverResult<{ title: string; status: "draft" | "live"; domain_id: string; slug: string; sort_order: number; difficulty_level: number; description?: string | undefined; }, TFieldValues> | Promise<...>' is not assignable to type 'ResolverResult<{ title: string; status: "draft" | "live"; domain_id: string; slug: string; sort_order: number; difficulty_level: number; description?: string | undefined; }, { title: string; status: "draft" | "live"; ... 4 more ...; description?: string | undefined; }> | Promise<...>'.
          Type 'ResolverSuccess<TFieldValues>' is not assignable to type 'ResolverResult<{ title: string; status: "draft" | "live"; domain_id: string; slug: string; sort_order: number; difficulty_level: number; description?: string | undefined; }, { title: string; status: "draft" | "live"; ... 4 more ...; description?: string | undefined; }> | Promise<...>'.
            Type 'ResolverSuccess<TFieldValues>' is not assignable to type 'ResolverSuccess<{ title: string; status: "draft" | "live"; domain_id: string; slug: string; sort_order: number; difficulty_level: number; description?: string | undefined; }>'.
              Type 'TFieldValues' is not assignable to type '{ title: string; status: "draft" | "live"; domain_id: string; slug: string; sort_order: number; difficulty_level: number; description?: string | undefined; }'.
                Type 'FieldValues' is missing the following properties from type '{ title: string; status: "draft" | "live"; domain_id: string; slug: string; sort_order: number; difficulty_level: number; description?: string | undefined; }': title, status, domain_id, slug, and 2 more.
src/features/curriculum/pages/version-history-page.tsx(30,15): error TS2769: No overload matches this call.
  Overload 1 of 2, '(relation: "profiles" | "skills" | "source_documents" | "apps" | "subjects" | "groups" | "questions" | "domains" | "ai_generation_sessions" | "app_landing_pages" | "assignments" | ... 6 more ... | "student_recovery_keys"): PostgrestQueryBuilder<...>', gave the following error.
    Argument of type '"curriculum_snapshots"' is not assignable to parameter of type '"profiles" | "skills" | "source_documents" | "apps" | "subjects" | "groups" | "questions" | "domains" | "ai_generation_sessions" | "app_landing_pages" | "assignments" | "attempts" | ... 5 more ... | "student_recovery_keys"'.
  Overload 2 of 2, '(relation: never): PostgrestQueryBuilder<{ PostgrestVersion: "14.1"; }, { Tables: { ai_generation_sessions: { Row: { created_at: string; created_by: string; deleted_at: string | null; difficulty_distribution: Json; ... 13 more ...; updated_at: string; }; Insert: { ...; }; Update: { ...; }; Relationships: [...]; }; ... 16 more ...; subjects: { ...; }; }; Views: {}; Functions: { ...; }; Enums: { ...; }; CompositeTypes: {}; }, never, never, never>', gave the following error.
    Argument of type '"curriculum_snapshots"' is not assignable to parameter of type 'never'.
src/features/curriculum/pages/version-history-page.tsx(60,15): error TS2769: No overload matches this call.
  Overload 1 of 2, '(relation: "profiles" | "skills" | "source_documents" | "apps" | "subjects" | "groups" | "questions" | "domains" | "ai_generation_sessions" | "app_landing_pages" | "assignments" | ... 6 more ... | "student_recovery_keys"): PostgrestQueryBuilder<...>', gave the following error.
    Argument of type '"curriculum_snapshots"' is not assignable to parameter of type '"profiles" | "skills" | "source_documents" | "apps" | "subjects" | "groups" | "questions" | "domains" | "ai_generation_sessions" | "app_landing_pages" | "assignments" | "attempts" | ... 5 more ... | "student_recovery_keys"'.
  Overload 2 of 2, '(relation: never): PostgrestQueryBuilder<{ PostgrestVersion: "14.1"; }, { Tables: { ai_generation_sessions: { Row: { created_at: string; created_by: string; deleted_at: string | null; difficulty_distribution: Json; ... 13 more ...; updated_at: string; }; Insert: { ...; }; Update: { ...; }; Relationships: [...]; }; ... 16 more ...; subjects: { ...; }; }; Views: {}; Functions: { ...; }; Enums: { ...; }; CompositeTypes: {}; }, never, never, never>', gave the following error.
    Argument of type '"curriculum_snapshots"' is not assignable to parameter of type 'never'.
src/features/curriculum/pages/version-history-page.tsx(66,18): error TS2339: Property 'content' does not exist on type 'SelectQueryError<"column 'content' does not exist on 'profiles'."> | SelectQueryError<"column 'content' does not exist on 'skills'."> | ... 15 more ... | SelectQueryError<...>'.
  Property 'content' does not exist on type 'SelectQueryError<"column 'content' does not exist on 'profiles'.">'.
src/features/curriculum/pages/version-history-page.tsx(71,50): error TS2339: Property 'content' does not exist on type 'SelectQueryError<"column 'content' does not exist on 'profiles'."> | SelectQueryError<"column 'content' does not exist on 'skills'."> | ... 15 more ... | SelectQueryError<...>'.
  Property 'content' does not exist on type 'SelectQueryError<"column 'content' does not exist on 'profiles'.">'.
src/features/platform/pages/AppsPage.tsx(41,9): error TS2322: Type 'string | null' is not assignable to type 'string'.
  Type 'null' is not assignable to type 'string'.
src/features/platform/pages/LandingsPage.tsx(28,27): error TS2339: Property 'meta_title' does not exist on type '{ app_id: string; content: Json; created_at: string; features: Json; hero_headline: string | null; hero_subtext: string | null; is_published: boolean | null; landing_page_id: string; updated_at: string; }'.
src/features/platform/pages/LandingsPage.tsx(29,33): error TS2339: Property 'meta_description' does not exist on type '{ app_id: string; content: Json; created_at: string; features: Json; hero_headline: string | null; hero_subtext: string | null; is_published: boolean | null; landing_page_id: string; updated_at: string; }'.
src/features/platform/pages/LandingsPage.tsx(30,7): error TS2322: Type 'string | null' is not assignable to type 'string'.
  Type 'null' is not assignable to type 'string'.
src/features/platform/pages/LandingsPage.tsx(31,33): error TS2551: Property 'hero_subheadline' does not exist on type '{ app_id: string; content: Json; created_at: string; features: Json; hero_headline: string | null; hero_subtext: string | null; is_published: boolean | null; landing_page_id: string; updated_at: string; }'. Did you mean 'hero_headline'?
src/features/platform/pages/LandingsPage.tsx(150,63): error TS2339: Property 'meta_title' does not exist on type '{ app_id: string; content: Json; created_at: string; features: Json; hero_headline: string | null; hero_subtext: string | null; is_published: boolean | null; landing_page_id: string; updated_at: string; } & { ...; }'.
src/features/platform/pages/SubjectsPage.tsx(35,28): error TS2339: Property 'color_hex' does not exist on type '{ created_at: string; description: string | null; display_order: number | null; icon_name: string | null; name: string; slug: string; subject_id: string; updated_at: string; }'.
src/features/platform/pages/SubjectsPage.tsx(36,9): error TS2322: Type 'number | null' is not assignable to type 'number'.
  Type 'null' is not assignable to type 'number'.
src/features/platform/pages/SubjectsPage.tsx(37,25): error TS2339: Property 'status' does not exist on type '{ created_at: string; description: string | null; display_order: number | null; icon_name: string | null; name: string; slug: string; subject_id: string; updated_at: string; }'.
src/features/platform/pages/SubjectsPage.tsx(121,122): error TS2339: Property 'color_hex' does not exist on type '{ created_at: string; description: string | null; display_order: number | null; icon_name: string | null; name: string; slug: string; subject_id: string; updated_at: string; }'.
src/features/platform/pages/SubjectsPage.tsx(122,62): error TS2339: Property 'color_hex' does not exist on type '{ created_at: string; description: string | null; display_order: number | null; icon_name: string | null; name: string; slug: string; subject_id: string; updated_at: string; }'.
src/features/platform/pages/SubjectsPage.tsx(128,25): error TS2339: Property 'status' does not exist on type '{ created_at: string; description: string | null; display_order: number | null; icon_name: string | null; name: string; slug: string; subject_id: string; updated_at: string; }'.
src/features/platform/pages/SubjectsPage.tsx(130,26): error TS2339: Property 'status' does not exist on type '{ created_at: string; description: string | null; display_order: number | null; icon_name: string | null; name: string; slug: string; subject_id: string; updated_at: string; }'.
