src/features/curriculum/components/question-form.tsx(90,18): error TS2339: Property 'solution' does not exist on type '{ app_id: string | null; correct_answer: string; created_at: string; deleted_at: string | null; difficulty: number; distractors: Json; explanation: string | null; id: string; options: Json; ... 4 more ...; updated_at: string; }'.
src/features/curriculum/components/question-form.tsx(106,24): error TS2339: Property 'solution' does not exist on type '{ app_id: string | null; correct_answer: string; created_at: string; deleted_at: string | null; difficulty: number; distractors: Json; explanation: string | null; id: string; options: Json; ... 4 more ...; updated_at: string; }'.
src/features/curriculum/components/question-form.tsx(130,29): error TS2339: Property 'content' does not exist on type '{ app_id: string | null; correct_answer: string; created_at: string; deleted_at: string | null; difficulty: number; distractors: Json; explanation: string | null; id: string; options: Json; ... 4 more ...; updated_at: string; }'.
src/features/curriculum/components/question-form.tsx(132,28): error TS2339: Property 'points' does not exist on type '{ app_id: string | null; correct_answer: string; created_at: string; deleted_at: string | null; difficulty: number; distractors: Json; explanation: string | null; id: string; options: Json; ... 4 more ...; updated_at: string; }'.
src/features/curriculum/hooks/use-publish.ts(131,50): error TS2345: Argument of type '"publish_curriculum"' is not assignable to parameter of type '"check_user_app_access" | "generate_join_code" | "generate_secret_phrase" | "get_current_app_id" | "match_documents"'.
src/features/mentorship/pages/AssignmentCreatePage.tsx(77,60): error TS2769: No overload matches this call.
  Overload 1 of 2, '(values: { assigned_at?: string | undefined; assigned_by: string; completed_at?: string | null | undefined; created_at?: string | undefined; deadline?: string | null | undefined; group_id: string; ... 5 more ...; type?: "skill_mastery" | ... 2 more ... | undefined; }, options?: { ...; } | undefined): PostgrestFilterBuilder<...>', gave the following error.
    Object literal may only specify known properties, and 'target_id' does not exist in type '{ assigned_at?: string | undefined; assigned_by: string; completed_at?: string | null | undefined; created_at?: string | undefined; deadline?: string | null | undefined; group_id: string; ... 5 more ...; type?: "skill_mastery" | ... 2 more ... | undefined; }'.
  Overload 2 of 2, '(values: { assigned_at?: string | undefined; assigned_by: string; completed_at?: string | null | undefined; created_at?: string | undefined; deadline?: string | null | undefined; group_id: string; ... 5 more ...; type?: "skill_mastery" | ... 2 more ... | undefined; }[], options?: { ...; } | undefined): PostgrestFilterBuilder<...>', gave the following error.
    Object literal may only specify known properties, and 'group_id' does not exist in type '{ assigned_at?: string | undefined; assigned_by: string; completed_at?: string | null | undefined; created_at?: string | undefined; deadline?: string | null | undefined; group_id: string; ... 5 more ...; type?: "skill_mastery" | ... 2 more ... | undefined; }[]'.
src/features/mentorship/pages/GroupDetailPage.tsx(144,14): error TS2769: No overload matches this call.
  Overload 1 of 2, '(predicate: (value: { assigned_at: string; assigned_by: string; completed_at: string | null; created_at: string; deadline: string | null; group_id: string; id: string; scope: "mandatory" | "suggested"; skill_id: string; status: "pending" | ... 1 more ... | "late"; student_id: string | null; type: "skill_mastery" | ... 1 more ... | "custom"; }, index: number, array: { ...; }[]) => value is { ...; }, thisArg?: any): { ...; }[] | undefined', gave the following error.
    Argument of type '(a: Assignment) => boolean' is not assignable to parameter of type '(value: { assigned_at: string; assigned_by: string; completed_at: string | null; created_at: string; deadline: string | null; group_id: string; id: string; scope: "mandatory" | "suggested"; skill_id: string; status: "pending" | ... 1 more ... | "late"; student_id: string | null; type: "skill_mastery" | ... 1 more .....'.
      Types of parameters 'a' and 'value' are incompatible.
        Type '{ assigned_at: string; assigned_by: string; completed_at: string | null; created_at: string; deadline: string | null; group_id: string; id: string; scope: "mandatory" | "suggested"; skill_id: string; status: "pending" | ... 1 more ... | "late"; student_id: string | null; type: "skill_mastery" | ... 1 more ... | "cus...' is missing the following properties from type 'Assignment': due_date, target_id
  Overload 2 of 2, '(predicate: (value: { assigned_at: string; assigned_by: string; completed_at: string | null; created_at: string; deadline: string | null; group_id: string; id: string; scope: "mandatory" | "suggested"; skill_id: string; status: "pending" | ... 1 more ... | "late"; student_id: string | null; type: "skill_mastery" | ... 1 more ... | "custom"; }, index: number, array: { ...; }[]) => unknown, thisArg?: any): { ...; }[] | undefined', gave the following error.
    Argument of type '(a: Assignment) => boolean' is not assignable to parameter of type '(value: { assigned_at: string; assigned_by: string; completed_at: string | null; created_at: string; deadline: string | null; group_id: string; id: string; scope: "mandatory" | "suggested"; skill_id: string; status: "pending" | ... 1 more ... | "late"; student_id: string | null; type: "skill_mastery" | ... 1 more .....'.
      Types of parameters 'a' and 'value' are incompatible.
        Type '{ assigned_at: string; assigned_by: string; completed_at: string | null; created_at: string; deadline: string | null; group_id: string; id: string; scope: "mandatory" | "suggested"; skill_id: string; status: "pending" | ... 1 more ... | "late"; student_id: string | null; type: "skill_mastery" | ... 1 more ... | "cus...' is missing the following properties from type 'Assignment': due_date, target_id
src/features/mentorship/pages/GroupDetailPage.tsx(145,10): error TS2345: Argument of type '(a: Assignment) => string' is not assignable to parameter of type '(value: { assigned_at: string; assigned_by: string; completed_at: string | null; created_at: string; deadline: string | null; group_id: string; id: string; scope: "mandatory" | "suggested"; skill_id: string; status: "pending" | ... 1 more ... | "late"; student_id: string | null; type: "skill_mastery" | ... 1 more .....'.
  Types of parameters 'a' and 'value' are incompatible.
    Type '{ assigned_at: string; assigned_by: string; completed_at: string | null; created_at: string; deadline: string | null; group_id: string; id: string; scope: "mandatory" | "suggested"; skill_id: string; status: "pending" | ... 1 more ... | "late"; student_id: string | null; type: "skill_mastery" | ... 1 more ... | "cus...' is missing the following properties from type 'Assignment': due_date, target_id
src/features/mentorship/pages/GroupDetailPage.tsx(162,34): error TS2345: Argument of type '(m: Member) => string' is not assignable to parameter of type '(value: { created_at: string; group_id: string; id: string; nickname: string | null; role: string; user_id: string; profiles: { id: string; email: string; full_name: string | null; }; }, index: number, array: { ...; }[]) => string'.
  Types of parameters 'm' and 'value' are incompatible.
    Property 'joined_at' is missing in type '{ created_at: string; group_id: string; id: string; nickname: string | null; role: string; user_id: string; profiles: { id: string; email: string; full_name: string | null; }; }' but required in type 'Member'.
src/features/mentorship/pages/GroupDetailPage.tsx(249,34): error TS2769: No overload matches this call.
  Overload 1 of 2, '(predicate: (value: { correct_streak: number; created_at: string; id: string; is_mastered: boolean; last_practiced_at: string | null; mastery_score: number; skill_id: string; total_attempts: number; total_correct: number; updated_at: string; user_id: string; }, index: number, obj: { ...; }[]) => value is { ...; }, thisArg?: any): { ...; } | undefined', gave the following error.
    Argument of type '(p: ProgressEntry) => boolean' is not assignable to parameter of type '(value: { correct_streak: number; created_at: string; id: string; is_mastered: boolean; last_practiced_at: string | null; mastery_score: number; skill_id: string; total_attempts: number; total_correct: number; updated_at: string; user_id: string; }, index: number, obj: { ...; }[]) => value is { ...; }'.
      Types of parameters 'p' and 'value' are incompatible.
        Property 'mastery_level' is missing in type '{ correct_streak: number; created_at: string; id: string; is_mastered: boolean; last_practiced_at: string | null; mastery_score: number; skill_id: string; total_attempts: number; total_correct: number; updated_at: string; user_id: string; }' but required in type 'ProgressEntry'.
  Overload 2 of 2, '(predicate: (value: { correct_streak: number; created_at: string; id: string; is_mastered: boolean; last_practiced_at: string | null; mastery_score: number; skill_id: string; total_attempts: number; total_correct: number; updated_at: string; user_id: string; }, index: number, obj: { ...; }[]) => unknown, thisArg?: any): { ...; } | undefined', gave the following error.
    Argument of type '(p: ProgressEntry) => boolean' is not assignable to parameter of type '(value: { correct_streak: number; created_at: string; id: string; is_mastered: boolean; last_practiced_at: string | null; mastery_score: number; skill_id: string; total_attempts: number; total_correct: number; updated_at: string; user_id: string; }, index: number, obj: { ...; }[]) => unknown'.
      Types of parameters 'p' and 'value' are incompatible.
        Property 'mastery_level' is missing in type '{ correct_streak: number; created_at: string; id: string; is_mastered: boolean; last_practiced_at: string | null; mastery_score: number; skill_id: string; total_attempts: number; total_correct: number; updated_at: string; user_id: string; }' but required in type 'ProgressEntry'.
src/features/mentorship/pages/GroupDetailPage.tsx(252,15): error TS2339: Property 'mastery_level' does not exist on type '{ correct_streak: number; created_at: string; id: string; is_mastered: boolean; last_practiced_at: string | null; mastery_score: number; skill_id: string; total_attempts: number; total_correct: number; updated_at: string; user_id: string; }'.
src/features/mentorship/pages/GroupDetailPage.tsx(363,30): error TS2345: Argument of type '(member: Member) => JSX.Element' is not assignable to parameter of type '(value: { created_at: string; group_id: string; id: string; nickname: string | null; role: string; user_id: string; profiles: { id: string; email: string; full_name: string | null; }; }, index: number, array: { ...; }[]) => Element'.
  Types of parameters 'member' and 'value' are incompatible.
    Property 'joined_at' is missing in type '{ created_at: string; group_id: string; id: string; nickname: string | null; role: string; user_id: string; profiles: { id: string; email: string; full_name: string | null; }; }' but required in type 'Member'.
src/features/mentorship/pages/GroupDetailPage.tsx(493,34): error TS2345: Argument of type '(assignment: Assignment) => JSX.Element' is not assignable to parameter of type '(value: { assigned_at: string; assigned_by: string; completed_at: string | null; created_at: string; deadline: string | null; group_id: string; id: string; scope: "mandatory" | "suggested"; skill_id: string; status: "pending" | ... 1 more ... | "late"; student_id: string | null; type: "skill_mastery" | ... 1 more .....'.
  Types of parameters 'assignment' and 'value' are incompatible.
    Type '{ assigned_at: string; assigned_by: string; completed_at: string | null; created_at: string; deadline: string | null; group_id: string; id: string; scope: "mandatory" | "suggested"; skill_id: string; status: "pending" | ... 1 more ... | "late"; student_id: string | null; type: "skill_mastery" | ... 1 more ... | "cus...' is missing the following properties from type 'Assignment': due_date, target_id
src/features/mentorship/pages/GroupDetailPage.tsx(558,36): error TS2345: Argument of type '(member: Member) => JSX.Element' is not assignable to parameter of type '(value: { created_at: string; group_id: string; id: string; nickname: string | null; role: string; user_id: string; profiles: { id: string; email: string; full_name: string | null; }; }, index: number, array: { ...; }[]) => Element'.
  Types of parameters 'member' and 'value' are incompatible.
    Property 'joined_at' is missing in type '{ created_at: string; group_id: string; id: string; nickname: string | null; role: string; user_id: string; profiles: { id: string; email: string; full_name: string | null; }; }' but required in type 'Member'.
